<?xml version="1.0" encoding="UTF-8" ?>
<testsuite failures="0" time="0.064" errors="0" skipped="0" tests="1" name="org.phw.eop.api.demo.EopClientTest">
  <properties>
    <property name="java.runtime.name" value="Java(TM) SE Runtime Environment"/>
    <property name="sun.boot.library.path" value="C:\Program Files\bea\jdk160_05\jre\bin"/>
    <property name="java.vm.version" value="10.0-b19"/>
    <property name="java.vm.vendor" value="Sun Microsystems Inc."/>
    <property name="java.vendor.url" value="http://java.sun.com/"/>
    <property name="path.separator" value=";"/>
    <property name="java.vm.name" value="Java HotSpot(TM) Client VM"/>
    <property name="file.encoding.pkg" value="sun.io"/>
    <property name="user.country" value="CN"/>
    <property name="sun.java.launcher" value="SUN_STANDARD"/>
    <property name="sun.os.patch.level" value="Service Pack 1"/>
    <property name="java.vm.specification.name" value="Java Virtual Machine Specification"/>
    <property name="user.dir" value="D:\Work\MEWorkspace\ECS-Mall\eop-client"/>
    <property name="java.runtime.version" value="1.6.0_05-b13"/>
    <property name="java.awt.graphicsenv" value="sun.awt.Win32GraphicsEnvironment"/>
    <property name="basedir" value="D:\Work\MEWorkspace\ECS-Mall\eop-client"/>
    <property name="java.endorsed.dirs" value="C:\Program Files\bea\jdk160_05\jre\lib\endorsed"/>
    <property name="os.arch" value="x86"/>
    <property name="surefire.real.class.path" value="C:\Users\CHAR-A~1\AppData\Local\Temp\surefirebooter17144.jar"/>
    <property name="java.io.tmpdir" value="C:\Users\CHAR-A~1\AppData\Local\Temp\"/>
    <property name="line.separator" value="
"/>
    <property name="java.vm.specification.vendor" value="Sun Microsystems Inc."/>
    <property name="user.variant" value=""/>
    <property name="os.name" value="Windows Vista"/>
    <property name="sun.jnu.encoding" value="GBK"/>
    <property name="java.library.path" value="C:\Program Files\bea\jdk160_05\jre\bin;.;C:\windows\Sun\Java\bin;C:\windows\system32;C:\windows;C:/Users/Char-Aznable/AppData/Local/Genuitec/Common/binary/com.sun.java.jdk.win32.x86_1.6.0.013/jre/bin/client;C:/Users/Char-Aznable/AppData/Local/Genuitec/Common/binary/com.sun.java.jdk.win32.x86_1.6.0.013/jre/bin;C:\Ruby-187\bin;C:\Program Files\Common Files\NetSarang;C:\Program Files\Common Files\Microsoft Shared\Windows Live;C:\???\???\WinRAR;C:\Users\Char-Aznable\AppData\Local\Google\Chrome\Application;C:\oracle\product\10.2.0\db_1\;C:\oracle\product\10.2.0\db_1\bin\;C:\windows\system32;C:\windows;C:\windows\System32\Wbem;C:\windows\System32\WindowsPowerShell\v1.0\;C:\Program Files\WIDCOMM\Bluetooth Software\;C:\Program Files\Common Files\Thunder Network\KanKan\Codecs;C:\Program Files\Windows7Master;C:\Program Files\Rational\common;D:\???????\Quick_Launch;C:\Program Files\IDM Computer Solutions\UltraEdit\;C:\Program Files\Java\jdk1.6.0\bin;C:\Program Files\Windows Live\Shared;C:\Program Files\TortoiseSVN\bin;C:\Program Files\Common Files\Roxio Shared\DLLShared\;C:\Program Files\Common Files\Roxio Shared\9.0\DLLShared\;C:\???\???\AutoLyric;C:\Program Files\QuickTime\QTSystem\;C:\Ruby-187\bin;C:\oracle\product\10.2.0\db_1\;C:\Maven\apache-maven-3.0\bin;C:\flex\flex_sdk_3\bin;D:\???????\Quick_Launch;C:\Program Files\IDM Computer Solutions\UltraEdit\;C:\Ruby-187\bin;C:\Program Files\Common Files\NetSarang;C:\Program Files\Common Files\Microsoft Shared\Windows Live;C:\???\???\WinRAR;C:\Users\Char-Aznable\AppData\Local\Google\Chrome\Application;C:\oracle\product\10.2.0\db_1\;C:\oracle\product\10.2.0\db_1\bin\;C:\windows\system32;C:\windows;C:\windows\System32\Wbem;C:\windows\System32\WindowsPowerShell\v1.0\;C:\Program Files\WIDCOMM\Bluetooth Software\;C:\Program Files\Common Files\Thunder Network\KanKan\Codecs;C:\Program Files\Windows7Master;C:\Program Files\Rational\common;D:\???????\Quick_Launch;C:\Program Files\IDM Computer Solutions\UltraEdit\;C:\Program Files\Java\jdk1.6.0\bin;C:\Program Files\Windows Live\Shared;C:\Program Files\TortoiseSVN\bin;C:\Program Files\Common Files\Roxio Shared\DLLShared\;C:\Program Files\Common Files\Roxio Shared\9.0\DLLShared\;C:\???\???\AutoLyric;C:\Program Files\QuickTime\QTSystem\"/>
    <property name="surefire.test.class.path" value="D:\Work\MEWorkspace\ECS-Mall\eop-client\target\test-classes;D:\Work\MEWorkspace\ECS-Mall\eop-client\target\classes;C:\Users\Char-Aznable\.m2\repository\junit\junit\4.8.2\junit-4.8.2.jar;C:\Users\Char-Aznable\.m2\repository\org\slf4j\slf4j-log4j12\1.6.1\slf4j-log4j12-1.6.1.jar;C:\Users\Char-Aznable\.m2\repository\org\slf4j\slf4j-api\1.6.1\slf4j-api-1.6.1.jar;C:\Users\Char-Aznable\.m2\repository\log4j\log4j\1.2.16\log4j-1.2.16.jar;C:\Users\Char-Aznable\.m2\repository\com\alibaba\fastjson\1.1.9\fastjson-1.1.9.jar;"/>
    <property name="java.specification.name" value="Java Platform API Specification"/>
    <property name="java.class.version" value="50.0"/>
    <property name="sun.management.compiler" value="HotSpot Client Compiler"/>
    <property name="os.version" value="6.1"/>
    <property name="user.home" value="C:\Users\Char-Aznable"/>
    <property name="user.timezone" value=""/>
    <property name="java.awt.printerjob" value="sun.awt.windows.WPrinterJob"/>
    <property name="java.specification.version" value="1.6"/>
    <property name="file.encoding" value="GBK"/>
    <property name="user.name" value="Char-Aznable"/>
    <property name="java.class.path" value="D:\Work\MEWorkspace\ECS-Mall\eop-client\target\test-classes;D:\Work\MEWorkspace\ECS-Mall\eop-client\target\classes;C:\Users\Char-Aznable\.m2\repository\junit\junit\4.8.2\junit-4.8.2.jar;C:\Users\Char-Aznable\.m2\repository\org\slf4j\slf4j-log4j12\1.6.1\slf4j-log4j12-1.6.1.jar;C:\Users\Char-Aznable\.m2\repository\org\slf4j\slf4j-api\1.6.1\slf4j-api-1.6.1.jar;C:\Users\Char-Aznable\.m2\repository\log4j\log4j\1.2.16\log4j-1.2.16.jar;C:\Users\Char-Aznable\.m2\repository\com\alibaba\fastjson\1.1.9\fastjson-1.1.9.jar;"/>
    <property name="java.vm.specification.version" value="1.0"/>
    <property name="sun.arch.data.model" value="32"/>
    <property name="java.home" value="C:\Program Files\bea\jdk160_05\jre"/>
    <property name="java.specification.vendor" value="Sun Microsystems Inc."/>
    <property name="user.language" value="zh"/>
    <property name="awt.toolkit" value="sun.awt.windows.WToolkit"/>
    <property name="java.vm.info" value="mixed mode"/>
    <property name="java.version" value="1.6.0_05"/>
    <property name="java.ext.dirs" value="C:\Program Files\bea\jdk160_05\jre\lib\ext;C:\windows\Sun\Java\lib\ext"/>
    <property name="sun.boot.class.path" value="C:\Program Files\bea\jdk160_05\jre\lib\resources.jar;C:\Program Files\bea\jdk160_05\jre\lib\rt.jar;C:\Program Files\bea\jdk160_05\jre\lib\sunrsasign.jar;C:\Program Files\bea\jdk160_05\jre\lib\jsse.jar;C:\Program Files\bea\jdk160_05\jre\lib\jce.jar;C:\Program Files\bea\jdk160_05\jre\lib\charsets.jar;C:\Program Files\bea\jdk160_05\jre\classes"/>
    <property name="java.vendor" value="Sun Microsystems Inc."/>
    <property name="localRepository" value="C:\Users\Char-Aznable\.m2\repository"/>
    <property name="file.separator" value="\"/>
    <property name="java.vendor.url.bug" value="http://java.sun.com/cgi-bin/bugreport.cgi"/>
    <property name="sun.cpu.endian" value="little"/>
    <property name="sun.io.unicode.encoding" value="UnicodeLittle"/>
    <property name="sun.desktop" value="windows"/>
    <property name="sun.cpu.isalist" value="pentium_pro+mmx pentium_pro pentium+mmx pentium i486 i386 i86"/>
  </properties>
  <testcase time="0.006" classname="org.phw.eop.api.demo.EopClientTest" name="testRefreshAction"/>
</testsuite>